Determining if the pthread_create exist failed with the following output:
Change Dir: /home/lincoln/dev/RoboND-DeepRL-Project/build/CMakeFiles/CMakeTmp

Run Build Command:"/usr/bin/make" "cmTC_14a64/fast"
/usr/bin/make -f CMakeFiles/cmTC_14a64.dir/build.make CMakeFiles/cmTC_14a64.dir/build
make[1]: Entering directory '/home/lincoln/dev/RoboND-DeepRL-Project/build/CMakeFiles/CMakeTmp'
Building C object CMakeFiles/cmTC_14a64.dir/CheckSymbolExists.c.o
/usr/bin/cc    -fPIC    -o CMakeFiles/cmTC_14a64.dir/CheckSymbolExists.c.o   -c /home/lincoln/dev/RoboND-DeepRL-Project/build/CMakeFiles/CMakeTmp/CheckSymbolExists.c
Linking C executable cmTC_14a64
/usr/bin/cmake -E cmake_link_script CMakeFiles/cmTC_14a64.dir/link.txt --verbose=1
/usr/bin/cc  -fPIC     CMakeFiles/cmTC_14a64.dir/CheckSymbolExists.c.o  -o cmTC_14a64 -rdynamic 
CMakeFiles/cmTC_14a64.dir/CheckSymbolExists.c.o: In function `main':
CheckSymbolExists.c:(.text+0x1b): undefined reference to `pthread_create'
collect2: error: ld returned 1 exit status
CMakeFiles/cmTC_14a64.dir/build.make:97: recipe for target 'cmTC_14a64' failed
make[1]: *** [cmTC_14a64] Error 1
make[1]: Leaving directory '/home/lincoln/dev/RoboND-DeepRL-Project/build/CMakeFiles/CMakeTmp'
Makefile:126: recipe for target 'cmTC_14a64/fast' failed
make: *** [cmTC_14a64/fast] Error 2

File /home/lincoln/dev/RoboND-DeepRL-Project/build/CMakeFiles/CMakeTmp/CheckSymbolExists.c:
/* */
#include <pthread.h>

int main(int argc, char** argv)
{
  (void)argv;
#ifndef pthread_create
  return ((int*)(&pthread_create))[argc];
#else
  (void)argc;
  return 0;
#endif
}

Determining if the function pthread_create exists in the pthreads failed with the following output:
Change Dir: /home/lincoln/dev/RoboND-DeepRL-Project/build/CMakeFiles/CMakeTmp

Run Build Command:"/usr/bin/make" "cmTC_c9a29/fast"
/usr/bin/make -f CMakeFiles/cmTC_c9a29.dir/build.make CMakeFiles/cmTC_c9a29.dir/build
make[1]: Entering directory '/home/lincoln/dev/RoboND-DeepRL-Project/build/CMakeFiles/CMakeTmp'
Building C object CMakeFiles/cmTC_c9a29.dir/CheckFunctionExists.c.o
/usr/bin/cc    -fPIC -DCHECK_FUNCTION_EXISTS=pthread_create   -o CMakeFiles/cmTC_c9a29.dir/CheckFunctionExists.c.o   -c /usr/share/cmake-3.5/Modules/CheckFunctionExists.c
Linking C executable cmTC_c9a29
/usr/bin/cmake -E cmake_link_script CMakeFiles/cmTC_c9a29.dir/link.txt --verbose=1
/usr/bin/cc  -fPIC -DCHECK_FUNCTION_EXISTS=pthread_create    CMakeFiles/cmTC_c9a29.dir/CheckFunctionExists.c.o  -o cmTC_c9a29 -rdynamic -lpthreads 
/usr/bin/ld: cannot find -lpthreads
collect2: error: ld returned 1 exit status
CMakeFiles/cmTC_c9a29.dir/build.make:97: recipe for target 'cmTC_c9a29' failed
make[1]: *** [cmTC_c9a29] Error 1
make[1]: Leaving directory '/home/lincoln/dev/RoboND-DeepRL-Project/build/CMakeFiles/CMakeTmp'
Makefile:126: recipe for target 'cmTC_c9a29/fast' failed
make: *** [cmTC_c9a29/fast] Error 2


Determining if the Q_WS_WIN exist failed with the following output:
Change Dir: /home/lincoln/dev/RoboND-DeepRL-Project/build/CMakeFiles/CMakeTmp

Run Build Command:"/usr/bin/make" "cmTC_ec3f7/fast"
/usr/bin/make -f CMakeFiles/cmTC_ec3f7.dir/build.make CMakeFiles/cmTC_ec3f7.dir/build
make[1]: Entering directory '/home/lincoln/dev/RoboND-DeepRL-Project/build/CMakeFiles/CMakeTmp'
Building CXX object CMakeFiles/cmTC_ec3f7.dir/CheckSymbolExists.cxx.o
/usr/bin/c++    -I/usr/include/qt4  -std=c++11    -o CMakeFiles/cmTC_ec3f7.dir/CheckSymbolExists.cxx.o -c /home/lincoln/dev/RoboND-DeepRL-Project/build/CMakeFiles/CMakeTmp/CheckSymbolExists.cxx
/home/lincoln/dev/RoboND-DeepRL-Project/build/CMakeFiles/CMakeTmp/CheckSymbolExists.cxx: In function ‘int main(int, char**)’:
/home/lincoln/dev/RoboND-DeepRL-Project/build/CMakeFiles/CMakeTmp/CheckSymbolExists.cxx:8:19: error: ‘Q_WS_WIN’ was not declared in this scope
   return ((int*)(&Q_WS_WIN))[argc];
                   ^
CMakeFiles/cmTC_ec3f7.dir/build.make:65: recipe for target 'CMakeFiles/cmTC_ec3f7.dir/CheckSymbolExists.cxx.o' failed
make[1]: *** [CMakeFiles/cmTC_ec3f7.dir/CheckSymbolExists.cxx.o] Error 1
make[1]: Leaving directory '/home/lincoln/dev/RoboND-DeepRL-Project/build/CMakeFiles/CMakeTmp'
Makefile:126: recipe for target 'cmTC_ec3f7/fast' failed
make: *** [cmTC_ec3f7/fast] Error 2

File /home/lincoln/dev/RoboND-DeepRL-Project/build/CMakeFiles/CMakeTmp/CheckSymbolExists.cxx:
/* */
#include <QtCore/qglobal.h>

int main(int argc, char** argv)
{
  (void)argv;
#ifndef Q_WS_WIN
  return ((int*)(&Q_WS_WIN))[argc];
#else
  (void)argc;
  return 0;
#endif
}

Determining if the Q_WS_QWS exist failed with the following output:
Change Dir: /home/lincoln/dev/RoboND-DeepRL-Project/build/CMakeFiles/CMakeTmp

Run Build Command:"/usr/bin/make" "cmTC_5f365/fast"
/usr/bin/make -f CMakeFiles/cmTC_5f365.dir/build.make CMakeFiles/cmTC_5f365.dir/build
make[1]: Entering directory '/home/lincoln/dev/RoboND-DeepRL-Project/build/CMakeFiles/CMakeTmp'
Building CXX object CMakeFiles/cmTC_5f365.dir/CheckSymbolExists.cxx.o
/usr/bin/c++    -I/usr/include/qt4  -std=c++11    -o CMakeFiles/cmTC_5f365.dir/CheckSymbolExists.cxx.o -c /home/lincoln/dev/RoboND-DeepRL-Project/build/CMakeFiles/CMakeTmp/CheckSymbolExists.cxx
/home/lincoln/dev/RoboND-DeepRL-Project/build/CMakeFiles/CMakeTmp/CheckSymbolExists.cxx: In function ‘int main(int, char**)’:
/home/lincoln/dev/RoboND-DeepRL-Project/build/CMakeFiles/CMakeTmp/CheckSymbolExists.cxx:8:19: error: ‘Q_WS_QWS’ was not declared in this scope
   return ((int*)(&Q_WS_QWS))[argc];
                   ^
CMakeFiles/cmTC_5f365.dir/build.make:65: recipe for target 'CMakeFiles/cmTC_5f365.dir/CheckSymbolExists.cxx.o' failed
make[1]: *** [CMakeFiles/cmTC_5f365.dir/CheckSymbolExists.cxx.o] Error 1
make[1]: Leaving directory '/home/lincoln/dev/RoboND-DeepRL-Project/build/CMakeFiles/CMakeTmp'
Makefile:126: recipe for target 'cmTC_5f365/fast' failed
make: *** [cmTC_5f365/fast] Error 2

File /home/lincoln/dev/RoboND-DeepRL-Project/build/CMakeFiles/CMakeTmp/CheckSymbolExists.cxx:
/* */
#include <QtCore/qglobal.h>

int main(int argc, char** argv)
{
  (void)argv;
#ifndef Q_WS_QWS
  return ((int*)(&Q_WS_QWS))[argc];
#else
  (void)argc;
  return 0;
#endif
}

Determining if the Q_WS_MAC exist failed with the following output:
Change Dir: /home/lincoln/dev/RoboND-DeepRL-Project/build/CMakeFiles/CMakeTmp

Run Build Command:"/usr/bin/make" "cmTC_4deec/fast"
/usr/bin/make -f CMakeFiles/cmTC_4deec.dir/build.make CMakeFiles/cmTC_4deec.dir/build
make[1]: Entering directory '/home/lincoln/dev/RoboND-DeepRL-Project/build/CMakeFiles/CMakeTmp'
Building CXX object CMakeFiles/cmTC_4deec.dir/CheckSymbolExists.cxx.o
/usr/bin/c++    -I/usr/include/qt4  -std=c++11    -o CMakeFiles/cmTC_4deec.dir/CheckSymbolExists.cxx.o -c /home/lincoln/dev/RoboND-DeepRL-Project/build/CMakeFiles/CMakeTmp/CheckSymbolExists.cxx
/home/lincoln/dev/RoboND-DeepRL-Project/build/CMakeFiles/CMakeTmp/CheckSymbolExists.cxx: In function ‘int main(int, char**)’:
/home/lincoln/dev/RoboND-DeepRL-Project/build/CMakeFiles/CMakeTmp/CheckSymbolExists.cxx:8:19: error: ‘Q_WS_MAC’ was not declared in this scope
   return ((int*)(&Q_WS_MAC))[argc];
                   ^
CMakeFiles/cmTC_4deec.dir/build.make:65: recipe for target 'CMakeFiles/cmTC_4deec.dir/CheckSymbolExists.cxx.o' failed
make[1]: *** [CMakeFiles/cmTC_4deec.dir/CheckSymbolExists.cxx.o] Error 1
make[1]: Leaving directory '/home/lincoln/dev/RoboND-DeepRL-Project/build/CMakeFiles/CMakeTmp'
Makefile:126: recipe for target 'cmTC_4deec/fast' failed
make: *** [cmTC_4deec/fast] Error 2

File /home/lincoln/dev/RoboND-DeepRL-Project/build/CMakeFiles/CMakeTmp/CheckSymbolExists.cxx:
/* */
#include <QtCore/qglobal.h>

int main(int argc, char** argv)
{
  (void)argv;
#ifndef Q_WS_MAC
  return ((int*)(&Q_WS_MAC))[argc];
#else
  (void)argc;
  return 0;
#endif
}

